2022-05-25T11:03:23+00:00 CRITICAL Maximum execution time of 120 seconds exceeded in C:\xampp\htdocs\wordwoocom\wp-includes\wp-db.php on line 2169

2022-05-25T11:07:26+00:00 CRITICAL Uncaught Exception: Invalid data: {"data":["Array","Array"],"element":"Array"} in C:\xampp\htdocs\wordwoocom\wp-content\plugins\elementor\core\base\document.php:878
Stack trace:
#0 C:\xampp\htdocs\wordwoocom\wp-content\plugins\astra-sites\inc\importers\batch-processing\class-astra-sites-batch-processing-elementor.php(122): Elementor\Core\Base\Document->get_elements_raw_data(Array, true)
#1 C:\xampp\htdocs\wordwoocom\wp-content\plugins\astra-sites\inc\importers\batch-processing\class-astra-sites-batch-processing-elementor.php(66): Elementor\TemplateLibrary\Astra_Sites_Batch_Processing_Elementor->import_single_post(18)
#2 C:\xampp\htdocs\wordwoocom\wp-content\plugins\astra-sites\inc\importers\batch-processing\helpers\class-wp-background-process-astra.php(41): Elementor\TemplateLibrary\Astra_Sites_Batch_Processing_Elementor->import()
#3 C:\xampp\htdocs\wordwoocom\wp-content\plugins\woocommerce\includes\libraries\wp-background-process.php(301): WP_Background_Process_Astra->task(Object(Elementor\TemplateLibrary\Astra_Sites_Batch_Processing_Elementor))
#4 C:\xampp\htdocs\wordwoocom\wp-content\plugins\woocommerce\includes\libraries\wp-background-process.php(447): WP_Background_Process->handle()
#5 C:\xampp\htdocs\wordwoocom\wp-includes\class-wp-hook.php(307): WP_Background_Process->handle_cron_healthcheck()
#6 C:\xampp\htdocs\wordwoocom\wp-includes\class-wp-hook.php(331): WP_Hook->apply_filters('', Array)
#7 C:\xampp\htdocs\wordwoocom\wp-includes\plugin.php(524): WP_Hook->do_action(Array)
#8 C:\xampp\htdocs\wordwoocom\wp-cron.php(138): do_action_ref_array('wp_image_proces...', Array)
#9 {main}
  thrown in C:\xampp\htdocs\wordwoocom\wp-content\plugins\elementor\core\base\document.php on line 878

2022-05-25T11:11:29+00:00 CRITICAL Uncaught Exception: Invalid data: {"data":["Array","Array"],"element":"Array"} in C:\xampp\htdocs\wordwoocom\wp-content\plugins\elementor\core\base\document.php:878
Stack trace:
#0 C:\xampp\htdocs\wordwoocom\wp-content\plugins\astra-sites\inc\importers\batch-processing\class-astra-sites-batch-processing-elementor.php(122): Elementor\Core\Base\Document->get_elements_raw_data(Array, true)
#1 C:\xampp\htdocs\wordwoocom\wp-content\plugins\astra-sites\inc\importers\batch-processing\class-astra-sites-batch-processing-elementor.php(66): Elementor\TemplateLibrary\Astra_Sites_Batch_Processing_Elementor->import_single_post(18)
#2 C:\xampp\htdocs\wordwoocom\wp-content\plugins\astra-sites\inc\importers\batch-processing\helpers\class-wp-background-process-astra.php(41): Elementor\TemplateLibrary\Astra_Sites_Batch_Processing_Elementor->import()
#3 C:\xampp\htdocs\wordwoocom\wp-content\plugins\woocommerce\includes\libraries\wp-background-process.php(301): WP_Background_Process_Astra->task(Object(Elementor\TemplateLibrary\Astra_Sites_Batch_Processing_Elementor))
#4 C:\xampp\htdocs\wordwoocom\wp-content\plugins\woocommerce\includes\libraries\wp-background-process.php(447): WP_Background_Process->handle()
#5 C:\xampp\htdocs\wordwoocom\wp-includes\class-wp-hook.php(307): WP_Background_Process->handle_cron_healthcheck()
#6 C:\xampp\htdocs\wordwoocom\wp-includes\class-wp-hook.php(331): WP_Hook->apply_filters('', Array)
#7 C:\xampp\htdocs\wordwoocom\wp-includes\plugin.php(524): WP_Hook->do_action(Array)
#8 C:\xampp\htdocs\wordwoocom\wp-cron.php(138): do_action_ref_array('wp_image_proces...', Array)
#9 {main}
  thrown in C:\xampp\htdocs\wordwoocom\wp-content\plugins\elementor\core\base\document.php on line 878

2022-05-25T11:17:15+00:00 CRITICAL Uncaught Exception: Invalid data: {"data":["Array","Array"],"element":"Array"} in C:\xampp\htdocs\wordwoocom\wp-content\plugins\elementor\core\base\document.php:878
Stack trace:
#0 C:\xampp\htdocs\wordwoocom\wp-content\plugins\astra-sites\inc\importers\batch-processing\class-astra-sites-batch-processing-elementor.php(122): Elementor\Core\Base\Document->get_elements_raw_data(Array, true)
#1 C:\xampp\htdocs\wordwoocom\wp-content\plugins\astra-sites\inc\importers\batch-processing\class-astra-sites-batch-processing-elementor.php(66): Elementor\TemplateLibrary\Astra_Sites_Batch_Processing_Elementor->import_single_post(18)
#2 C:\xampp\htdocs\wordwoocom\wp-content\plugins\astra-sites\inc\importers\batch-processing\helpers\class-wp-background-process-astra.php(41): Elementor\TemplateLibrary\Astra_Sites_Batch_Processing_Elementor->import()
#3 C:\xampp\htdocs\wordwoocom\wp-content\plugins\woocommerce\includes\libraries\wp-background-process.php(301): WP_Background_Process_Astra->task(Object(Elementor\TemplateLibrary\Astra_Sites_Batch_Processing_Elementor))
#4 C:\xampp\htdocs\wordwoocom\wp-content\plugins\woocommerce\includes\libraries\wp-background-process.php(447): WP_Background_Process->handle()
#5 C:\xampp\htdocs\wordwoocom\wp-includes\class-wp-hook.php(307): WP_Background_Process->handle_cron_healthcheck()
#6 C:\xampp\htdocs\wordwoocom\wp-includes\class-wp-hook.php(331): WP_Hook->apply_filters('', Array)
#7 C:\xampp\htdocs\wordwoocom\wp-includes\plugin.php(524): WP_Hook->do_action(Array)
#8 C:\xampp\htdocs\wordwoocom\wp-cron.php(138): do_action_ref_array('wp_image_proces...', Array)
#9 {main}
  thrown in C:\xampp\htdocs\wordwoocom\wp-content\plugins\elementor\core\base\document.php on line 878

2022-05-25T11:21:23+00:00 CRITICAL Uncaught Exception: Invalid data: {"data":["Array","Array"],"element":"Array"} in C:\xampp\htdocs\wordwoocom\wp-content\plugins\elementor\core\base\document.php:878
Stack trace:
#0 C:\xampp\htdocs\wordwoocom\wp-content\plugins\astra-sites\inc\importers\batch-processing\class-astra-sites-batch-processing-elementor.php(122): Elementor\Core\Base\Document->get_elements_raw_data(Array, true)
#1 C:\xampp\htdocs\wordwoocom\wp-content\plugins\astra-sites\inc\importers\batch-processing\class-astra-sites-batch-processing-elementor.php(66): Elementor\TemplateLibrary\Astra_Sites_Batch_Processing_Elementor->import_single_post(18)
#2 C:\xampp\htdocs\wordwoocom\wp-content\plugins\astra-sites\inc\importers\batch-processing\helpers\class-wp-background-process-astra.php(41): Elementor\TemplateLibrary\Astra_Sites_Batch_Processing_Elementor->import()
#3 C:\xampp\htdocs\wordwoocom\wp-content\plugins\woocommerce\includes\libraries\wp-background-process.php(301): WP_Background_Process_Astra->task(Object(Elementor\TemplateLibrary\Astra_Sites_Batch_Processing_Elementor))
#4 C:\xampp\htdocs\wordwoocom\wp-content\plugins\woocommerce\includes\libraries\wp-background-process.php(447): WP_Background_Process->handle()
#5 C:\xampp\htdocs\wordwoocom\wp-includes\class-wp-hook.php(307): WP_Background_Process->handle_cron_healthcheck()
#6 C:\xampp\htdocs\wordwoocom\wp-includes\class-wp-hook.php(331): WP_Hook->apply_filters('', Array)
#7 C:\xampp\htdocs\wordwoocom\wp-includes\plugin.php(524): WP_Hook->do_action(Array)
#8 C:\xampp\htdocs\wordwoocom\wp-cron.php(138): do_action_ref_array('wp_image_proces...', Array)
#9 {main}
  thrown in C:\xampp\htdocs\wordwoocom\wp-content\plugins\elementor\core\base\document.php on line 878

2022-05-25T11:26:32+00:00 CRITICAL Uncaught Exception: Invalid data: {"data":["Array","Array"],"element":"Array"} in C:\xampp\htdocs\wordwoocom\wp-content\plugins\elementor\core\base\document.php:878
Stack trace:
#0 C:\xampp\htdocs\wordwoocom\wp-content\plugins\astra-sites\inc\importers\batch-processing\class-astra-sites-batch-processing-elementor.php(122): Elementor\Core\Base\Document->get_elements_raw_data(Array, true)
#1 C:\xampp\htdocs\wordwoocom\wp-content\plugins\astra-sites\inc\importers\batch-processing\class-astra-sites-batch-processing-elementor.php(66): Elementor\TemplateLibrary\Astra_Sites_Batch_Processing_Elementor->import_single_post(18)
#2 C:\xampp\htdocs\wordwoocom\wp-content\plugins\astra-sites\inc\importers\batch-processing\helpers\class-wp-background-process-astra.php(41): Elementor\TemplateLibrary\Astra_Sites_Batch_Processing_Elementor->import()
#3 C:\xampp\htdocs\wordwoocom\wp-content\plugins\woocommerce\includes\libraries\wp-background-process.php(301): WP_Background_Process_Astra->task(Object(Elementor\TemplateLibrary\Astra_Sites_Batch_Processing_Elementor))
#4 C:\xampp\htdocs\wordwoocom\wp-content\plugins\woocommerce\includes\libraries\wp-background-process.php(447): WP_Background_Process->handle()
#5 C:\xampp\htdocs\wordwoocom\wp-includes\class-wp-hook.php(307): WP_Background_Process->handle_cron_healthcheck()
#6 C:\xampp\htdocs\wordwoocom\wp-includes\class-wp-hook.php(331): WP_Hook->apply_filters('', Array)
#7 C:\xampp\htdocs\wordwoocom\wp-includes\plugin.php(524): WP_Hook->do_action(Array)
#8 C:\xampp\htdocs\wordwoocom\wp-cron.php(138): do_action_ref_array('wp_image_proces...', Array)
#9 {main}
  thrown in C:\xampp\htdocs\wordwoocom\wp-content\plugins\elementor\core\base\document.php on line 878

2022-05-25T11:32:44+00:00 CRITICAL Uncaught Exception: Invalid data: {"data":["Array","Array"],"element":"Array"} in C:\xampp\htdocs\wordwoocom\wp-content\plugins\elementor\core\base\document.php:878
Stack trace:
#0 C:\xampp\htdocs\wordwoocom\wp-content\plugins\astra-sites\inc\importers\batch-processing\class-astra-sites-batch-processing-elementor.php(122): Elementor\Core\Base\Document->get_elements_raw_data(Array, true)
#1 C:\xampp\htdocs\wordwoocom\wp-content\plugins\astra-sites\inc\importers\batch-processing\class-astra-sites-batch-processing-elementor.php(66): Elementor\TemplateLibrary\Astra_Sites_Batch_Processing_Elementor->import_single_post(18)
#2 C:\xampp\htdocs\wordwoocom\wp-content\plugins\astra-sites\inc\importers\batch-processing\helpers\class-wp-background-process-astra.php(41): Elementor\TemplateLibrary\Astra_Sites_Batch_Processing_Elementor->import()
#3 C:\xampp\htdocs\wordwoocom\wp-content\plugins\woocommerce\includes\libraries\wp-background-process.php(301): WP_Background_Process_Astra->task(Object(Elementor\TemplateLibrary\Astra_Sites_Batch_Processing_Elementor))
#4 C:\xampp\htdocs\wordwoocom\wp-content\plugins\woocommerce\includes\libraries\wp-background-process.php(447): WP_Background_Process->handle()
#5 C:\xampp\htdocs\wordwoocom\wp-includes\class-wp-hook.php(307): WP_Background_Process->handle_cron_healthcheck()
#6 C:\xampp\htdocs\wordwoocom\wp-includes\class-wp-hook.php(331): WP_Hook->apply_filters('', Array)
#7 C:\xampp\htdocs\wordwoocom\wp-includes\plugin.php(524): WP_Hook->do_action(Array)
#8 C:\xampp\htdocs\wordwoocom\wp-cron.php(138): do_action_ref_array('wp_image_proces...', Array)
#9 {main}
  thrown in C:\xampp\htdocs\wordwoocom\wp-content\plugins\elementor\core\base\document.php on line 878

2022-05-25T11:37:48+00:00 CRITICAL Uncaught Exception: Invalid data: {"data":["Array","Array"],"element":"Array"} in C:\xampp\htdocs\wordwoocom\wp-content\plugins\elementor\core\base\document.php:878
Stack trace:
#0 C:\xampp\htdocs\wordwoocom\wp-content\plugins\astra-sites\inc\importers\batch-processing\class-astra-sites-batch-processing-elementor.php(122): Elementor\Core\Base\Document->get_elements_raw_data(Array, true)
#1 C:\xampp\htdocs\wordwoocom\wp-content\plugins\astra-sites\inc\importers\batch-processing\class-astra-sites-batch-processing-elementor.php(66): Elementor\TemplateLibrary\Astra_Sites_Batch_Processing_Elementor->import_single_post(18)
#2 C:\xampp\htdocs\wordwoocom\wp-content\plugins\astra-sites\inc\importers\batch-processing\helpers\class-wp-background-process-astra.php(41): Elementor\TemplateLibrary\Astra_Sites_Batch_Processing_Elementor->import()
#3 C:\xampp\htdocs\wordwoocom\wp-content\plugins\woocommerce\includes\libraries\wp-background-process.php(301): WP_Background_Process_Astra->task(Object(Elementor\TemplateLibrary\Astra_Sites_Batch_Processing_Elementor))
#4 C:\xampp\htdocs\wordwoocom\wp-content\plugins\woocommerce\includes\libraries\wp-background-process.php(447): WP_Background_Process->handle()
#5 C:\xampp\htdocs\wordwoocom\wp-includes\class-wp-hook.php(307): WP_Background_Process->handle_cron_healthcheck()
#6 C:\xampp\htdocs\wordwoocom\wp-includes\class-wp-hook.php(331): WP_Hook->apply_filters('', Array)
#7 C:\xampp\htdocs\wordwoocom\wp-includes\plugin.php(524): WP_Hook->do_action(Array)
#8 C:\xampp\htdocs\wordwoocom\wp-cron.php(138): do_action_ref_array('wp_image_proces...', Array)
#9 {main}
  thrown in C:\xampp\htdocs\wordwoocom\wp-content\plugins\elementor\core\base\document.php on line 878

2022-05-25T11:41:51+00:00 CRITICAL Uncaught Exception: Invalid data: {"data":["Array","Array"],"element":"Array"} in C:\xampp\htdocs\wordwoocom\wp-content\plugins\elementor\core\base\document.php:878
Stack trace:
#0 C:\xampp\htdocs\wordwoocom\wp-content\plugins\astra-sites\inc\importers\batch-processing\class-astra-sites-batch-processing-elementor.php(122): Elementor\Core\Base\Document->get_elements_raw_data(Array, true)
#1 C:\xampp\htdocs\wordwoocom\wp-content\plugins\astra-sites\inc\importers\batch-processing\class-astra-sites-batch-processing-elementor.php(66): Elementor\TemplateLibrary\Astra_Sites_Batch_Processing_Elementor->import_single_post(18)
#2 C:\xampp\htdocs\wordwoocom\wp-content\plugins\astra-sites\inc\importers\batch-processing\helpers\class-wp-background-process-astra.php(41): Elementor\TemplateLibrary\Astra_Sites_Batch_Processing_Elementor->import()
#3 C:\xampp\htdocs\wordwoocom\wp-content\plugins\woocommerce\includes\libraries\wp-background-process.php(301): WP_Background_Process_Astra->task(Object(Elementor\TemplateLibrary\Astra_Sites_Batch_Processing_Elementor))
#4 C:\xampp\htdocs\wordwoocom\wp-content\plugins\woocommerce\includes\libraries\wp-background-process.php(447): WP_Background_Process->handle()
#5 C:\xampp\htdocs\wordwoocom\wp-includes\class-wp-hook.php(307): WP_Background_Process->handle_cron_healthcheck()
#6 C:\xampp\htdocs\wordwoocom\wp-includes\class-wp-hook.php(331): WP_Hook->apply_filters('', Array)
#7 C:\xampp\htdocs\wordwoocom\wp-includes\plugin.php(524): WP_Hook->do_action(Array)
#8 C:\xampp\htdocs\wordwoocom\wp-cron.php(138): do_action_ref_array('wp_image_proces...', Array)
#9 {main}
  thrown in C:\xampp\htdocs\wordwoocom\wp-content\plugins\elementor\core\base\document.php on line 878

2022-05-25T12:28:00+00:00 CRITICAL Uncaught Exception: Invalid data: {"data":["Array","Array"],"element":"Array"} in C:\xampp\htdocs\wordwoocom\wp-content\plugins\elementor\core\base\document.php:878
Stack trace:
#0 C:\xampp\htdocs\wordwoocom\wp-content\plugins\astra-sites\inc\importers\batch-processing\class-astra-sites-batch-processing-elementor.php(122): Elementor\Core\Base\Document->get_elements_raw_data(Array, true)
#1 C:\xampp\htdocs\wordwoocom\wp-content\plugins\astra-sites\inc\importers\batch-processing\class-astra-sites-batch-processing-elementor.php(66): Elementor\TemplateLibrary\Astra_Sites_Batch_Processing_Elementor->import_single_post(18)
#2 C:\xampp\htdocs\wordwoocom\wp-content\plugins\astra-sites\inc\importers\batch-processing\helpers\class-wp-background-process-astra.php(41): Elementor\TemplateLibrary\Astra_Sites_Batch_Processing_Elementor->import()
#3 C:\xampp\htdocs\wordwoocom\wp-content\plugins\woocommerce\includes\libraries\wp-background-process.php(301): WP_Background_Process_Astra->task(Object(Elementor\TemplateLibrary\Astra_Sites_Batch_Processing_Elementor))
#4 C:\xampp\htdocs\wordwoocom\wp-content\plugins\woocommerce\includes\libraries\wp-background-process.php(447): WP_Background_Process->handle()
#5 C:\xampp\htdocs\wordwoocom\wp-includes\class-wp-hook.php(307): WP_Background_Process->handle_cron_healthcheck()
#6 C:\xampp\htdocs\wordwoocom\wp-includes\class-wp-hook.php(331): WP_Hook->apply_filters('', Array)
#7 C:\xampp\htdocs\wordwoocom\wp-includes\plugin.php(524): WP_Hook->do_action(Array)
#8 C:\xampp\htdocs\wordwoocom\wp-cron.php(138): do_action_ref_array('wp_image_proces...', Array)
#9 {main}
  thrown in C:\xampp\htdocs\wordwoocom\wp-content\plugins\elementor\core\base\document.php on line 878

2022-05-25T12:32:05+00:00 CRITICAL Uncaught Exception: Invalid data: {"data":["Array","Array"],"element":"Array"} in C:\xampp\htdocs\wordwoocom\wp-content\plugins\elementor\core\base\document.php:878
Stack trace:
#0 C:\xampp\htdocs\wordwoocom\wp-content\plugins\astra-sites\inc\importers\batch-processing\class-astra-sites-batch-processing-elementor.php(122): Elementor\Core\Base\Document->get_elements_raw_data(Array, true)
#1 C:\xampp\htdocs\wordwoocom\wp-content\plugins\astra-sites\inc\importers\batch-processing\class-astra-sites-batch-processing-elementor.php(66): Elementor\TemplateLibrary\Astra_Sites_Batch_Processing_Elementor->import_single_post(18)
#2 C:\xampp\htdocs\wordwoocom\wp-content\plugins\astra-sites\inc\importers\batch-processing\helpers\class-wp-background-process-astra.php(41): Elementor\TemplateLibrary\Astra_Sites_Batch_Processing_Elementor->import()
#3 C:\xampp\htdocs\wordwoocom\wp-content\plugins\woocommerce\includes\libraries\wp-background-process.php(301): WP_Background_Process_Astra->task(Object(Elementor\TemplateLibrary\Astra_Sites_Batch_Processing_Elementor))
#4 C:\xampp\htdocs\wordwoocom\wp-content\plugins\woocommerce\includes\libraries\wp-background-process.php(447): WP_Background_Process->handle()
#5 C:\xampp\htdocs\wordwoocom\wp-includes\class-wp-hook.php(307): WP_Background_Process->handle_cron_healthcheck()
#6 C:\xampp\htdocs\wordwoocom\wp-includes\class-wp-hook.php(331): WP_Hook->apply_filters('', Array)
#7 C:\xampp\htdocs\wordwoocom\wp-includes\plugin.php(524): WP_Hook->do_action(Array)
#8 C:\xampp\htdocs\wordwoocom\wp-cron.php(138): do_action_ref_array('wp_image_proces...', Array)
#9 {main}
  thrown in C:\xampp\htdocs\wordwoocom\wp-content\plugins\elementor\core\base\document.php on line 878

2022-05-25T12:38:07+00:00 CRITICAL Uncaught Exception: Invalid data: {"data":["Array","Array"],"element":"Array"} in C:\xampp\htdocs\wordwoocom\wp-content\plugins\elementor\core\base\document.php:878
Stack trace:
#0 C:\xampp\htdocs\wordwoocom\wp-content\plugins\astra-sites\inc\importers\batch-processing\class-astra-sites-batch-processing-elementor.php(122): Elementor\Core\Base\Document->get_elements_raw_data(Array, true)
#1 C:\xampp\htdocs\wordwoocom\wp-content\plugins\astra-sites\inc\importers\batch-processing\class-astra-sites-batch-processing-elementor.php(66): Elementor\TemplateLibrary\Astra_Sites_Batch_Processing_Elementor->import_single_post(18)
#2 C:\xampp\htdocs\wordwoocom\wp-content\plugins\astra-sites\inc\importers\batch-processing\helpers\class-wp-background-process-astra.php(41): Elementor\TemplateLibrary\Astra_Sites_Batch_Processing_Elementor->import()
#3 C:\xampp\htdocs\wordwoocom\wp-content\plugins\woocommerce\includes\libraries\wp-background-process.php(301): WP_Background_Process_Astra->task(Object(Elementor\TemplateLibrary\Astra_Sites_Batch_Processing_Elementor))
#4 C:\xampp\htdocs\wordwoocom\wp-content\plugins\woocommerce\includes\libraries\wp-background-process.php(447): WP_Background_Process->handle()
#5 C:\xampp\htdocs\wordwoocom\wp-includes\class-wp-hook.php(307): WP_Background_Process->handle_cron_healthcheck()
#6 C:\xampp\htdocs\wordwoocom\wp-includes\class-wp-hook.php(331): WP_Hook->apply_filters('', Array)
#7 C:\xampp\htdocs\wordwoocom\wp-includes\plugin.php(524): WP_Hook->do_action(Array)
#8 C:\xampp\htdocs\wordwoocom\wp-cron.php(138): do_action_ref_array('wp_image_proces...', Array)
#9 {main}
  thrown in C:\xampp\htdocs\wordwoocom\wp-content\plugins\elementor\core\base\document.php on line 878

2022-05-25T12:42:09+00:00 CRITICAL Uncaught Exception: Invalid data: {"data":["Array","Array"],"element":"Array"} in C:\xampp\htdocs\wordwoocom\wp-content\plugins\elementor\core\base\document.php:878
Stack trace:
#0 C:\xampp\htdocs\wordwoocom\wp-content\plugins\astra-sites\inc\importers\batch-processing\class-astra-sites-batch-processing-elementor.php(122): Elementor\Core\Base\Document->get_elements_raw_data(Array, true)
#1 C:\xampp\htdocs\wordwoocom\wp-content\plugins\astra-sites\inc\importers\batch-processing\class-astra-sites-batch-processing-elementor.php(66): Elementor\TemplateLibrary\Astra_Sites_Batch_Processing_Elementor->import_single_post(18)
#2 C:\xampp\htdocs\wordwoocom\wp-content\plugins\astra-sites\inc\importers\batch-processing\helpers\class-wp-background-process-astra.php(41): Elementor\TemplateLibrary\Astra_Sites_Batch_Processing_Elementor->import()
#3 C:\xampp\htdocs\wordwoocom\wp-content\plugins\woocommerce\includes\libraries\wp-background-process.php(301): WP_Background_Process_Astra->task(Object(Elementor\TemplateLibrary\Astra_Sites_Batch_Processing_Elementor))
#4 C:\xampp\htdocs\wordwoocom\wp-content\plugins\woocommerce\includes\libraries\wp-background-process.php(447): WP_Background_Process->handle()
#5 C:\xampp\htdocs\wordwoocom\wp-includes\class-wp-hook.php(307): WP_Background_Process->handle_cron_healthcheck()
#6 C:\xampp\htdocs\wordwoocom\wp-includes\class-wp-hook.php(331): WP_Hook->apply_filters('', Array)
#7 C:\xampp\htdocs\wordwoocom\wp-includes\plugin.php(524): WP_Hook->do_action(Array)
#8 C:\xampp\htdocs\wordwoocom\wp-cron.php(138): do_action_ref_array('wp_image_proces...', Array)
#9 {main}
  thrown in C:\xampp\htdocs\wordwoocom\wp-content\plugins\elementor\core\base\document.php on line 878

2022-05-25T12:48:11+00:00 CRITICAL Uncaught Exception: Invalid data: {"data":["Array","Array"],"element":"Array"} in C:\xampp\htdocs\wordwoocom\wp-content\plugins\elementor\core\base\document.php:878
Stack trace:
#0 C:\xampp\htdocs\wordwoocom\wp-content\plugins\astra-sites\inc\importers\batch-processing\class-astra-sites-batch-processing-elementor.php(122): Elementor\Core\Base\Document->get_elements_raw_data(Array, true)
#1 C:\xampp\htdocs\wordwoocom\wp-content\plugins\astra-sites\inc\importers\batch-processing\class-astra-sites-batch-processing-elementor.php(66): Elementor\TemplateLibrary\Astra_Sites_Batch_Processing_Elementor->import_single_post(18)
#2 C:\xampp\htdocs\wordwoocom\wp-content\plugins\astra-sites\inc\importers\batch-processing\helpers\class-wp-background-process-astra.php(41): Elementor\TemplateLibrary\Astra_Sites_Batch_Processing_Elementor->import()
#3 C:\xampp\htdocs\wordwoocom\wp-content\plugins\woocommerce\includes\libraries\wp-background-process.php(301): WP_Background_Process_Astra->task(Object(Elementor\TemplateLibrary\Astra_Sites_Batch_Processing_Elementor))
#4 C:\xampp\htdocs\wordwoocom\wp-content\plugins\woocommerce\includes\libraries\wp-background-process.php(447): WP_Background_Process->handle()
#5 C:\xampp\htdocs\wordwoocom\wp-includes\class-wp-hook.php(307): WP_Background_Process->handle_cron_healthcheck()
#6 C:\xampp\htdocs\wordwoocom\wp-includes\class-wp-hook.php(331): WP_Hook->apply_filters('', Array)
#7 C:\xampp\htdocs\wordwoocom\wp-includes\plugin.php(524): WP_Hook->do_action(Array)
#8 C:\xampp\htdocs\wordwoocom\wp-cron.php(138): do_action_ref_array('wp_image_proces...', Array)
#9 {main}
  thrown in C:\xampp\htdocs\wordwoocom\wp-content\plugins\elementor\core\base\document.php on line 878

2022-05-25T12:52:16+00:00 CRITICAL Uncaught Exception: Invalid data: {"data":["Array","Array"],"element":"Array"} in C:\xampp\htdocs\wordwoocom\wp-content\plugins\elementor\core\base\document.php:878
Stack trace:
#0 C:\xampp\htdocs\wordwoocom\wp-content\plugins\astra-sites\inc\importers\batch-processing\class-astra-sites-batch-processing-elementor.php(122): Elementor\Core\Base\Document->get_elements_raw_data(Array, true)
#1 C:\xampp\htdocs\wordwoocom\wp-content\plugins\astra-sites\inc\importers\batch-processing\class-astra-sites-batch-processing-elementor.php(66): Elementor\TemplateLibrary\Astra_Sites_Batch_Processing_Elementor->import_single_post(18)
#2 C:\xampp\htdocs\wordwoocom\wp-content\plugins\astra-sites\inc\importers\batch-processing\helpers\class-wp-background-process-astra.php(41): Elementor\TemplateLibrary\Astra_Sites_Batch_Processing_Elementor->import()
#3 C:\xampp\htdocs\wordwoocom\wp-content\plugins\woocommerce\includes\libraries\wp-background-process.php(301): WP_Background_Process_Astra->task(Object(Elementor\TemplateLibrary\Astra_Sites_Batch_Processing_Elementor))
#4 C:\xampp\htdocs\wordwoocom\wp-content\plugins\woocommerce\includes\libraries\wp-background-process.php(447): WP_Background_Process->handle()
#5 C:\xampp\htdocs\wordwoocom\wp-includes\class-wp-hook.php(307): WP_Background_Process->handle_cron_healthcheck()
#6 C:\xampp\htdocs\wordwoocom\wp-includes\class-wp-hook.php(331): WP_Hook->apply_filters('', Array)
#7 C:\xampp\htdocs\wordwoocom\wp-includes\plugin.php(524): WP_Hook->do_action(Array)
#8 C:\xampp\htdocs\wordwoocom\wp-cron.php(138): do_action_ref_array('wp_image_proces...', Array)
#9 {main}
  thrown in C:\xampp\htdocs\wordwoocom\wp-content\plugins\elementor\core\base\document.php on line 878

2022-05-25T12:58:17+00:00 CRITICAL Uncaught Exception: Invalid data: {"data":["Array","Array"],"element":"Array"} in C:\xampp\htdocs\wordwoocom\wp-content\plugins\elementor\core\base\document.php:878
Stack trace:
#0 C:\xampp\htdocs\wordwoocom\wp-content\plugins\astra-sites\inc\importers\batch-processing\class-astra-sites-batch-processing-elementor.php(122): Elementor\Core\Base\Document->get_elements_raw_data(Array, true)
#1 C:\xampp\htdocs\wordwoocom\wp-content\plugins\astra-sites\inc\importers\batch-processing\class-astra-sites-batch-processing-elementor.php(66): Elementor\TemplateLibrary\Astra_Sites_Batch_Processing_Elementor->import_single_post(18)
#2 C:\xampp\htdocs\wordwoocom\wp-content\plugins\astra-sites\inc\importers\batch-processing\helpers\class-wp-background-process-astra.php(41): Elementor\TemplateLibrary\Astra_Sites_Batch_Processing_Elementor->import()
#3 C:\xampp\htdocs\wordwoocom\wp-content\plugins\woocommerce\includes\libraries\wp-background-process.php(301): WP_Background_Process_Astra->task(Object(Elementor\TemplateLibrary\Astra_Sites_Batch_Processing_Elementor))
#4 C:\xampp\htdocs\wordwoocom\wp-content\plugins\woocommerce\includes\libraries\wp-background-process.php(447): WP_Background_Process->handle()
#5 C:\xampp\htdocs\wordwoocom\wp-includes\class-wp-hook.php(307): WP_Background_Process->handle_cron_healthcheck()
#6 C:\xampp\htdocs\wordwoocom\wp-includes\class-wp-hook.php(331): WP_Hook->apply_filters('', Array)
#7 C:\xampp\htdocs\wordwoocom\wp-includes\plugin.php(524): WP_Hook->do_action(Array)
#8 C:\xampp\htdocs\wordwoocom\wp-cron.php(138): do_action_ref_array('wp_image_proces...', Array)
#9 {main}
  thrown in C:\xampp\htdocs\wordwoocom\wp-content\plugins\elementor\core\base\document.php on line 878

2022-05-25T13:01:34+00:00 CRITICAL Uncaught Exception: Invalid data: {"data":["Array","Array"],"element":"Array"} in C:\xampp\htdocs\wordwoocom\wp-content\plugins\elementor\core\base\document.php:878
Stack trace:
#0 C:\xampp\htdocs\wordwoocom\wp-content\plugins\astra-sites\inc\importers\batch-processing\class-astra-sites-batch-processing-elementor.php(122): Elementor\Core\Base\Document->get_elements_raw_data(Array, true)
#1 C:\xampp\htdocs\wordwoocom\wp-content\plugins\astra-sites\inc\importers\batch-processing\class-astra-sites-batch-processing-elementor.php(66): Elementor\TemplateLibrary\Astra_Sites_Batch_Processing_Elementor->import_single_post(18)
#2 C:\xampp\htdocs\wordwoocom\wp-content\plugins\astra-sites\inc\importers\batch-processing\helpers\class-wp-background-process-astra.php(41): Elementor\TemplateLibrary\Astra_Sites_Batch_Processing_Elementor->import()
#3 C:\xampp\htdocs\wordwoocom\wp-content\plugins\woocommerce\includes\libraries\wp-background-process.php(301): WP_Background_Process_Astra->task(Object(Elementor\TemplateLibrary\Astra_Sites_Batch_Processing_Elementor))
#4 C:\xampp\htdocs\wordwoocom\wp-content\plugins\woocommerce\includes\libraries\wp-background-process.php(447): WP_Background_Process->handle()
#5 C:\xampp\htdocs\wordwoocom\wp-includes\class-wp-hook.php(307): WP_Background_Process->handle_cron_healthcheck()
#6 C:\xampp\htdocs\wordwoocom\wp-includes\class-wp-hook.php(331): WP_Hook->apply_filters('', Array)
#7 C:\xampp\htdocs\wordwoocom\wp-includes\plugin.php(524): WP_Hook->do_action(Array)
#8 C:\xampp\htdocs\wordwoocom\wp-cron.php(138): do_action_ref_array('wp_image_proces...', Array)
#9 {main}
  thrown in C:\xampp\htdocs\wordwoocom\wp-content\plugins\elementor\core\base\document.php on line 878

2022-05-25T13:07:27+00:00 CRITICAL Uncaught Exception: Invalid data: {"data":["Array","Array"],"element":"Array"} in C:\xampp\htdocs\wordwoocom\wp-content\plugins\elementor\core\base\document.php:878
Stack trace:
#0 C:\xampp\htdocs\wordwoocom\wp-content\plugins\astra-sites\inc\importers\batch-processing\class-astra-sites-batch-processing-elementor.php(122): Elementor\Core\Base\Document->get_elements_raw_data(Array, true)
#1 C:\xampp\htdocs\wordwoocom\wp-content\plugins\astra-sites\inc\importers\batch-processing\class-astra-sites-batch-processing-elementor.php(66): Elementor\TemplateLibrary\Astra_Sites_Batch_Processing_Elementor->import_single_post(18)
#2 C:\xampp\htdocs\wordwoocom\wp-content\plugins\astra-sites\inc\importers\batch-processing\helpers\class-wp-background-process-astra.php(41): Elementor\TemplateLibrary\Astra_Sites_Batch_Processing_Elementor->import()
#3 C:\xampp\htdocs\wordwoocom\wp-content\plugins\woocommerce\includes\libraries\wp-background-process.php(301): WP_Background_Process_Astra->task(Object(Elementor\TemplateLibrary\Astra_Sites_Batch_Processing_Elementor))
#4 C:\xampp\htdocs\wordwoocom\wp-content\plugins\woocommerce\includes\libraries\wp-background-process.php(447): WP_Background_Process->handle()
#5 C:\xampp\htdocs\wordwoocom\wp-includes\class-wp-hook.php(307): WP_Background_Process->handle_cron_healthcheck()
#6 C:\xampp\htdocs\wordwoocom\wp-includes\class-wp-hook.php(331): WP_Hook->apply_filters('', Array)
#7 C:\xampp\htdocs\wordwoocom\wp-includes\plugin.php(524): WP_Hook->do_action(Array)
#8 C:\xampp\htdocs\wordwoocom\wp-cron.php(138): do_action_ref_array('wp_image_proces...', Array)
#9 {main}
  thrown in C:\xampp\htdocs\wordwoocom\wp-content\plugins\elementor\core\base\document.php on line 878

2022-05-25T13:11:51+00:00 CRITICAL Uncaught Exception: Invalid data: {"data":["Array","Array"],"element":"Array"} in C:\xampp\htdocs\wordwoocom\wp-content\plugins\elementor\core\base\document.php:878
Stack trace:
#0 C:\xampp\htdocs\wordwoocom\wp-content\plugins\astra-sites\inc\importers\batch-processing\class-astra-sites-batch-processing-elementor.php(122): Elementor\Core\Base\Document->get_elements_raw_data(Array, true)
#1 C:\xampp\htdocs\wordwoocom\wp-content\plugins\astra-sites\inc\importers\batch-processing\class-astra-sites-batch-processing-elementor.php(66): Elementor\TemplateLibrary\Astra_Sites_Batch_Processing_Elementor->import_single_post(18)
#2 C:\xampp\htdocs\wordwoocom\wp-content\plugins\astra-sites\inc\importers\batch-processing\helpers\class-wp-background-process-astra.php(41): Elementor\TemplateLibrary\Astra_Sites_Batch_Processing_Elementor->import()
#3 C:\xampp\htdocs\wordwoocom\wp-content\plugins\woocommerce\includes\libraries\wp-background-process.php(301): WP_Background_Process_Astra->task(Object(Elementor\TemplateLibrary\Astra_Sites_Batch_Processing_Elementor))
#4 C:\xampp\htdocs\wordwoocom\wp-content\plugins\woocommerce\includes\libraries\wp-background-process.php(447): WP_Background_Process->handle()
#5 C:\xampp\htdocs\wordwoocom\wp-includes\class-wp-hook.php(307): WP_Background_Process->handle_cron_healthcheck()
#6 C:\xampp\htdocs\wordwoocom\wp-includes\class-wp-hook.php(331): WP_Hook->apply_filters('', Array)
#7 C:\xampp\htdocs\wordwoocom\wp-includes\plugin.php(524): WP_Hook->do_action(Array)
#8 C:\xampp\htdocs\wordwoocom\wp-cron.php(138): do_action_ref_array('wp_image_proces...', Array)
#9 {main}
  thrown in C:\xampp\htdocs\wordwoocom\wp-content\plugins\elementor\core\base\document.php on line 878

2022-05-25T13:17:49+00:00 CRITICAL Uncaught Exception: Invalid data: {"data":["Array","Array"],"element":"Array"} in C:\xampp\htdocs\wordwoocom\wp-content\plugins\elementor\core\base\document.php:878
Stack trace:
#0 C:\xampp\htdocs\wordwoocom\wp-content\plugins\astra-sites\inc\importers\batch-processing\class-astra-sites-batch-processing-elementor.php(122): Elementor\Core\Base\Document->get_elements_raw_data(Array, true)
#1 C:\xampp\htdocs\wordwoocom\wp-content\plugins\astra-sites\inc\importers\batch-processing\class-astra-sites-batch-processing-elementor.php(66): Elementor\TemplateLibrary\Astra_Sites_Batch_Processing_Elementor->import_single_post(18)
#2 C:\xampp\htdocs\wordwoocom\wp-content\plugins\astra-sites\inc\importers\batch-processing\helpers\class-wp-background-process-astra.php(41): Elementor\TemplateLibrary\Astra_Sites_Batch_Processing_Elementor->import()
#3 C:\xampp\htdocs\wordwoocom\wp-content\plugins\woocommerce\includes\libraries\wp-background-process.php(301): WP_Background_Process_Astra->task(Object(Elementor\TemplateLibrary\Astra_Sites_Batch_Processing_Elementor))
#4 C:\xampp\htdocs\wordwoocom\wp-content\plugins\woocommerce\includes\libraries\wp-background-process.php(447): WP_Background_Process->handle()
#5 C:\xampp\htdocs\wordwoocom\wp-includes\class-wp-hook.php(307): WP_Background_Process->handle_cron_healthcheck()
#6 C:\xampp\htdocs\wordwoocom\wp-includes\class-wp-hook.php(331): WP_Hook->apply_filters('', Array)
#7 C:\xampp\htdocs\wordwoocom\wp-includes\plugin.php(524): WP_Hook->do_action(Array)
#8 C:\xampp\htdocs\wordwoocom\wp-cron.php(138): do_action_ref_array('wp_image_proces...', Array)
#9 {main}
  thrown in C:\xampp\htdocs\wordwoocom\wp-content\plugins\elementor\core\base\document.php on line 878

2022-05-25T13:22:03+00:00 CRITICAL Uncaught Exception: Invalid data: {"data":["Array","Array"],"element":"Array"} in C:\xampp\htdocs\wordwoocom\wp-content\plugins\elementor\core\base\document.php:878
Stack trace:
#0 C:\xampp\htdocs\wordwoocom\wp-content\plugins\astra-sites\inc\importers\batch-processing\class-astra-sites-batch-processing-elementor.php(122): Elementor\Core\Base\Document->get_elements_raw_data(Array, true)
#1 C:\xampp\htdocs\wordwoocom\wp-content\plugins\astra-sites\inc\importers\batch-processing\class-astra-sites-batch-processing-elementor.php(66): Elementor\TemplateLibrary\Astra_Sites_Batch_Processing_Elementor->import_single_post(18)
#2 C:\xampp\htdocs\wordwoocom\wp-content\plugins\astra-sites\inc\importers\batch-processing\helpers\class-wp-background-process-astra.php(41): Elementor\TemplateLibrary\Astra_Sites_Batch_Processing_Elementor->import()
#3 C:\xampp\htdocs\wordwoocom\wp-content\plugins\woocommerce\includes\libraries\wp-background-process.php(301): WP_Background_Process_Astra->task(Object(Elementor\TemplateLibrary\Astra_Sites_Batch_Processing_Elementor))
#4 C:\xampp\htdocs\wordwoocom\wp-content\plugins\woocommerce\includes\libraries\wp-background-process.php(447): WP_Background_Process->handle()
#5 C:\xampp\htdocs\wordwoocom\wp-includes\class-wp-hook.php(307): WP_Background_Process->handle_cron_healthcheck()
#6 C:\xampp\htdocs\wordwoocom\wp-includes\class-wp-hook.php(331): WP_Hook->apply_filters('', Array)
#7 C:\xampp\htdocs\wordwoocom\wp-includes\plugin.php(524): WP_Hook->do_action(Array)
#8 C:\xampp\htdocs\wordwoocom\wp-cron.php(138): do_action_ref_array('wp_image_proces...', Array)
#9 {main}
  thrown in C:\xampp\htdocs\wordwoocom\wp-content\plugins\elementor\core\base\document.php on line 878

2022-05-25T13:27:14+00:00 CRITICAL Uncaught Exception: Invalid data: {"data":["Array","Array"],"element":"Array"} in C:\xampp\htdocs\wordwoocom\wp-content\plugins\elementor\core\base\document.php:878
Stack trace:
#0 C:\xampp\htdocs\wordwoocom\wp-content\plugins\astra-sites\inc\importers\batch-processing\class-astra-sites-batch-processing-elementor.php(122): Elementor\Core\Base\Document->get_elements_raw_data(Array, true)
#1 C:\xampp\htdocs\wordwoocom\wp-content\plugins\astra-sites\inc\importers\batch-processing\class-astra-sites-batch-processing-elementor.php(66): Elementor\TemplateLibrary\Astra_Sites_Batch_Processing_Elementor->import_single_post(18)
#2 C:\xampp\htdocs\wordwoocom\wp-content\plugins\astra-sites\inc\importers\batch-processing\helpers\class-wp-background-process-astra.php(41): Elementor\TemplateLibrary\Astra_Sites_Batch_Processing_Elementor->import()
#3 C:\xampp\htdocs\wordwoocom\wp-content\plugins\woocommerce\includes\libraries\wp-background-process.php(301): WP_Background_Process_Astra->task(Object(Elementor\TemplateLibrary\Astra_Sites_Batch_Processing_Elementor))
#4 C:\xampp\htdocs\wordwoocom\wp-content\plugins\woocommerce\includes\libraries\wp-background-process.php(447): WP_Background_Process->handle()
#5 C:\xampp\htdocs\wordwoocom\wp-includes\class-wp-hook.php(307): WP_Background_Process->handle_cron_healthcheck()
#6 C:\xampp\htdocs\wordwoocom\wp-includes\class-wp-hook.php(331): WP_Hook->apply_filters('', Array)
#7 C:\xampp\htdocs\wordwoocom\wp-includes\plugin.php(524): WP_Hook->do_action(Array)
#8 C:\xampp\htdocs\wordwoocom\wp-cron.php(138): do_action_ref_array('wp_image_proces...', Array)
#9 {main}
  thrown in C:\xampp\htdocs\wordwoocom\wp-content\plugins\elementor\core\base\document.php on line 878

2022-05-25T13:33:16+00:00 CRITICAL Uncaught Exception: Invalid data: {"data":["Array","Array"],"element":"Array"} in C:\xampp\htdocs\wordwoocom\wp-content\plugins\elementor\core\base\document.php:878
Stack trace:
#0 C:\xampp\htdocs\wordwoocom\wp-content\plugins\astra-sites\inc\importers\batch-processing\class-astra-sites-batch-processing-elementor.php(122): Elementor\Core\Base\Document->get_elements_raw_data(Array, true)
#1 C:\xampp\htdocs\wordwoocom\wp-content\plugins\astra-sites\inc\importers\batch-processing\class-astra-sites-batch-processing-elementor.php(66): Elementor\TemplateLibrary\Astra_Sites_Batch_Processing_Elementor->import_single_post(18)
#2 C:\xampp\htdocs\wordwoocom\wp-content\plugins\astra-sites\inc\importers\batch-processing\helpers\class-wp-background-process-astra.php(41): Elementor\TemplateLibrary\Astra_Sites_Batch_Processing_Elementor->import()
#3 C:\xampp\htdocs\wordwoocom\wp-content\plugins\woocommerce\includes\libraries\wp-background-process.php(301): WP_Background_Process_Astra->task(Object(Elementor\TemplateLibrary\Astra_Sites_Batch_Processing_Elementor))
#4 C:\xampp\htdocs\wordwoocom\wp-content\plugins\woocommerce\includes\libraries\wp-background-process.php(447): WP_Background_Process->handle()
#5 C:\xampp\htdocs\wordwoocom\wp-includes\class-wp-hook.php(307): WP_Background_Process->handle_cron_healthcheck()
#6 C:\xampp\htdocs\wordwoocom\wp-includes\class-wp-hook.php(331): WP_Hook->apply_filters('', Array)
#7 C:\xampp\htdocs\wordwoocom\wp-includes\plugin.php(524): WP_Hook->do_action(Array)
#8 C:\xampp\htdocs\wordwoocom\wp-cron.php(138): do_action_ref_array('wp_image_proces...', Array)
#9 {main}
  thrown in C:\xampp\htdocs\wordwoocom\wp-content\plugins\elementor\core\base\document.php on line 878

2022-05-25T13:37:19+00:00 CRITICAL Uncaught Exception: Invalid data: {"data":["Array","Array"],"element":"Array"} in C:\xampp\htdocs\wordwoocom\wp-content\plugins\elementor\core\base\document.php:878
Stack trace:
#0 C:\xampp\htdocs\wordwoocom\wp-content\plugins\astra-sites\inc\importers\batch-processing\class-astra-sites-batch-processing-elementor.php(122): Elementor\Core\Base\Document->get_elements_raw_data(Array, true)
#1 C:\xampp\htdocs\wordwoocom\wp-content\plugins\astra-sites\inc\importers\batch-processing\class-astra-sites-batch-processing-elementor.php(66): Elementor\TemplateLibrary\Astra_Sites_Batch_Processing_Elementor->import_single_post(18)
#2 C:\xampp\htdocs\wordwoocom\wp-content\plugins\astra-sites\inc\importers\batch-processing\helpers\class-wp-background-process-astra.php(41): Elementor\TemplateLibrary\Astra_Sites_Batch_Processing_Elementor->import()
#3 C:\xampp\htdocs\wordwoocom\wp-content\plugins\woocommerce\includes\libraries\wp-background-process.php(301): WP_Background_Process_Astra->task(Object(Elementor\TemplateLibrary\Astra_Sites_Batch_Processing_Elementor))
#4 C:\xampp\htdocs\wordwoocom\wp-content\plugins\woocommerce\includes\libraries\wp-background-process.php(447): WP_Background_Process->handle()
#5 C:\xampp\htdocs\wordwoocom\wp-includes\class-wp-hook.php(307): WP_Background_Process->handle_cron_healthcheck()
#6 C:\xampp\htdocs\wordwoocom\wp-includes\class-wp-hook.php(331): WP_Hook->apply_filters('', Array)
#7 C:\xampp\htdocs\wordwoocom\wp-includes\plugin.php(524): WP_Hook->do_action(Array)
#8 C:\xampp\htdocs\wordwoocom\wp-cron.php(138): do_action_ref_array('wp_image_proces...', Array)
#9 {main}
  thrown in C:\xampp\htdocs\wordwoocom\wp-content\plugins\elementor\core\base\document.php on line 878

2022-05-25T13:43:21+00:00 CRITICAL Uncaught Exception: Invalid data: {"data":["Array","Array"],"element":"Array"} in C:\xampp\htdocs\wordwoocom\wp-content\plugins\elementor\core\base\document.php:878
Stack trace:
#0 C:\xampp\htdocs\wordwoocom\wp-content\plugins\astra-sites\inc\importers\batch-processing\class-astra-sites-batch-processing-elementor.php(122): Elementor\Core\Base\Document->get_elements_raw_data(Array, true)
#1 C:\xampp\htdocs\wordwoocom\wp-content\plugins\astra-sites\inc\importers\batch-processing\class-astra-sites-batch-processing-elementor.php(66): Elementor\TemplateLibrary\Astra_Sites_Batch_Processing_Elementor->import_single_post(18)
#2 C:\xampp\htdocs\wordwoocom\wp-content\plugins\astra-sites\inc\importers\batch-processing\helpers\class-wp-background-process-astra.php(41): Elementor\TemplateLibrary\Astra_Sites_Batch_Processing_Elementor->import()
#3 C:\xampp\htdocs\wordwoocom\wp-content\plugins\woocommerce\includes\libraries\wp-background-process.php(301): WP_Background_Process_Astra->task(Object(Elementor\TemplateLibrary\Astra_Sites_Batch_Processing_Elementor))
#4 C:\xampp\htdocs\wordwoocom\wp-content\plugins\woocommerce\includes\libraries\wp-background-process.php(447): WP_Background_Process->handle()
#5 C:\xampp\htdocs\wordwoocom\wp-includes\class-wp-hook.php(307): WP_Background_Process->handle_cron_healthcheck()
#6 C:\xampp\htdocs\wordwoocom\wp-includes\class-wp-hook.php(331): WP_Hook->apply_filters('', Array)
#7 C:\xampp\htdocs\wordwoocom\wp-includes\plugin.php(524): WP_Hook->do_action(Array)
#8 C:\xampp\htdocs\wordwoocom\wp-cron.php(138): do_action_ref_array('wp_image_proces...', Array)
#9 {main}
  thrown in C:\xampp\htdocs\wordwoocom\wp-content\plugins\elementor\core\base\document.php on line 878

2022-05-25T13:47:24+00:00 CRITICAL Uncaught Exception: Invalid data: {"data":["Array","Array"],"element":"Array"} in C:\xampp\htdocs\wordwoocom\wp-content\plugins\elementor\core\base\document.php:878
Stack trace:
#0 C:\xampp\htdocs\wordwoocom\wp-content\plugins\astra-sites\inc\importers\batch-processing\class-astra-sites-batch-processing-elementor.php(122): Elementor\Core\Base\Document->get_elements_raw_data(Array, true)
#1 C:\xampp\htdocs\wordwoocom\wp-content\plugins\astra-sites\inc\importers\batch-processing\class-astra-sites-batch-processing-elementor.php(66): Elementor\TemplateLibrary\Astra_Sites_Batch_Processing_Elementor->import_single_post(18)
#2 C:\xampp\htdocs\wordwoocom\wp-content\plugins\astra-sites\inc\importers\batch-processing\helpers\class-wp-background-process-astra.php(41): Elementor\TemplateLibrary\Astra_Sites_Batch_Processing_Elementor->import()
#3 C:\xampp\htdocs\wordwoocom\wp-content\plugins\woocommerce\includes\libraries\wp-background-process.php(301): WP_Background_Process_Astra->task(Object(Elementor\TemplateLibrary\Astra_Sites_Batch_Processing_Elementor))
#4 C:\xampp\htdocs\wordwoocom\wp-content\plugins\woocommerce\includes\libraries\wp-background-process.php(447): WP_Background_Process->handle()
#5 C:\xampp\htdocs\wordwoocom\wp-includes\class-wp-hook.php(307): WP_Background_Process->handle_cron_healthcheck()
#6 C:\xampp\htdocs\wordwoocom\wp-includes\class-wp-hook.php(331): WP_Hook->apply_filters('', Array)
#7 C:\xampp\htdocs\wordwoocom\wp-includes\plugin.php(524): WP_Hook->do_action(Array)
#8 C:\xampp\htdocs\wordwoocom\wp-cron.php(138): do_action_ref_array('wp_image_proces...', Array)
#9 {main}
  thrown in C:\xampp\htdocs\wordwoocom\wp-content\plugins\elementor\core\base\document.php on line 878

2022-05-25T13:51:25+00:00 CRITICAL Uncaught Exception: Invalid data: {"data":["Array","Array"],"element":"Array"} in C:\xampp\htdocs\wordwoocom\wp-content\plugins\elementor\core\base\document.php:878
Stack trace:
#0 C:\xampp\htdocs\wordwoocom\wp-content\plugins\astra-sites\inc\importers\batch-processing\class-astra-sites-batch-processing-elementor.php(122): Elementor\Core\Base\Document->get_elements_raw_data(Array, true)
#1 C:\xampp\htdocs\wordwoocom\wp-content\plugins\astra-sites\inc\importers\batch-processing\class-astra-sites-batch-processing-elementor.php(66): Elementor\TemplateLibrary\Astra_Sites_Batch_Processing_Elementor->import_single_post(18)
#2 C:\xampp\htdocs\wordwoocom\wp-content\plugins\astra-sites\inc\importers\batch-processing\helpers\class-wp-background-process-astra.php(41): Elementor\TemplateLibrary\Astra_Sites_Batch_Processing_Elementor->import()
#3 C:\xampp\htdocs\wordwoocom\wp-content\plugins\woocommerce\includes\libraries\wp-background-process.php(301): WP_Background_Process_Astra->task(Object(Elementor\TemplateLibrary\Astra_Sites_Batch_Processing_Elementor))
#4 C:\xampp\htdocs\wordwoocom\wp-content\plugins\woocommerce\includes\libraries\wp-background-process.php(447): WP_Background_Process->handle()
#5 C:\xampp\htdocs\wordwoocom\wp-includes\class-wp-hook.php(307): WP_Background_Process->handle_cron_healthcheck()
#6 C:\xampp\htdocs\wordwoocom\wp-includes\class-wp-hook.php(331): WP_Hook->apply_filters('', Array)
#7 C:\xampp\htdocs\wordwoocom\wp-includes\plugin.php(524): WP_Hook->do_action(Array)
#8 C:\xampp\htdocs\wordwoocom\wp-cron.php(138): do_action_ref_array('wp_image_proces...', Array)
#9 {main}
  thrown in C:\xampp\htdocs\wordwoocom\wp-content\plugins\elementor\core\base\document.php on line 878

2022-05-25T13:56:45+00:00 CRITICAL Uncaught Exception: Invalid data: {"data":["Array","Array"],"element":"Array"} in C:\xampp\htdocs\wordwoocom\wp-content\plugins\elementor\core\base\document.php:878
Stack trace:
#0 C:\xampp\htdocs\wordwoocom\wp-content\plugins\astra-sites\inc\importers\batch-processing\class-astra-sites-batch-processing-elementor.php(122): Elementor\Core\Base\Document->get_elements_raw_data(Array, true)
#1 C:\xampp\htdocs\wordwoocom\wp-content\plugins\astra-sites\inc\importers\batch-processing\class-astra-sites-batch-processing-elementor.php(66): Elementor\TemplateLibrary\Astra_Sites_Batch_Processing_Elementor->import_single_post(18)
#2 C:\xampp\htdocs\wordwoocom\wp-content\plugins\astra-sites\inc\importers\batch-processing\helpers\class-wp-background-process-astra.php(41): Elementor\TemplateLibrary\Astra_Sites_Batch_Processing_Elementor->import()
#3 C:\xampp\htdocs\wordwoocom\wp-content\plugins\woocommerce\includes\libraries\wp-background-process.php(301): WP_Background_Process_Astra->task(Object(Elementor\TemplateLibrary\Astra_Sites_Batch_Processing_Elementor))
#4 C:\xampp\htdocs\wordwoocom\wp-content\plugins\woocommerce\includes\libraries\wp-background-process.php(447): WP_Background_Process->handle()
#5 C:\xampp\htdocs\wordwoocom\wp-includes\class-wp-hook.php(307): WP_Background_Process->handle_cron_healthcheck()
#6 C:\xampp\htdocs\wordwoocom\wp-includes\class-wp-hook.php(331): WP_Hook->apply_filters('', Array)
#7 C:\xampp\htdocs\wordwoocom\wp-includes\plugin.php(524): WP_Hook->do_action(Array)
#8 C:\xampp\htdocs\wordwoocom\wp-cron.php(138): do_action_ref_array('wp_image_proces...', Array)
#9 {main}
  thrown in C:\xampp\htdocs\wordwoocom\wp-content\plugins\elementor\core\base\document.php on line 878

2022-05-25T14:02:47+00:00 CRITICAL Uncaught Exception: Invalid data: {"data":["Array","Array"],"element":"Array"} in C:\xampp\htdocs\wordwoocom\wp-content\plugins\elementor\core\base\document.php:878
Stack trace:
#0 C:\xampp\htdocs\wordwoocom\wp-content\plugins\astra-sites\inc\importers\batch-processing\class-astra-sites-batch-processing-elementor.php(122): Elementor\Core\Base\Document->get_elements_raw_data(Array, true)
#1 C:\xampp\htdocs\wordwoocom\wp-content\plugins\astra-sites\inc\importers\batch-processing\class-astra-sites-batch-processing-elementor.php(66): Elementor\TemplateLibrary\Astra_Sites_Batch_Processing_Elementor->import_single_post(18)
#2 C:\xampp\htdocs\wordwoocom\wp-content\plugins\astra-sites\inc\importers\batch-processing\helpers\class-wp-background-process-astra.php(41): Elementor\TemplateLibrary\Astra_Sites_Batch_Processing_Elementor->import()
#3 C:\xampp\htdocs\wordwoocom\wp-content\plugins\woocommerce\includes\libraries\wp-background-process.php(301): WP_Background_Process_Astra->task(Object(Elementor\TemplateLibrary\Astra_Sites_Batch_Processing_Elementor))
#4 C:\xampp\htdocs\wordwoocom\wp-content\plugins\woocommerce\includes\libraries\wp-background-process.php(447): WP_Background_Process->handle()
#5 C:\xampp\htdocs\wordwoocom\wp-includes\class-wp-hook.php(307): WP_Background_Process->handle_cron_healthcheck()
#6 C:\xampp\htdocs\wordwoocom\wp-includes\class-wp-hook.php(331): WP_Hook->apply_filters('', Array)
#7 C:\xampp\htdocs\wordwoocom\wp-includes\plugin.php(524): WP_Hook->do_action(Array)
#8 C:\xampp\htdocs\wordwoocom\wp-cron.php(138): do_action_ref_array('wp_image_proces...', Array)
#9 {main}
  thrown in C:\xampp\htdocs\wordwoocom\wp-content\plugins\elementor\core\base\document.php on line 878

