2022-05-28T05:48:16+00:00 CRITICAL Maximum execution time of 120 seconds exceeded in C:\xampp\htdocs\wordwoocom\wp-content\plugins\astra-sites\inc\lib\onboarding\class-onboarding-loader.php on line 9

2022-05-28T05:55:42+00:00 CRITICAL Uncaught Exception: Invalid data: {"data":["Array","Array"],"element":"Array"} in C:\xampp\htdocs\wordwoocom\wp-content\plugins\elementor\core\base\document.php:878
Stack trace:
#0 C:\xampp\htdocs\wordwoocom\wp-content\plugins\astra-sites\inc\importers\batch-processing\class-astra-sites-batch-processing-elementor.php(122): Elementor\Core\Base\Document->get_elements_raw_data(Array, true)
#1 C:\xampp\htdocs\wordwoocom\wp-content\plugins\astra-sites\inc\importers\batch-processing\class-astra-sites-batch-processing-elementor.php(66): Elementor\TemplateLibrary\Astra_Sites_Batch_Processing_Elementor->import_single_post(18)
#2 C:\xampp\htdocs\wordwoocom\wp-content\plugins\astra-sites\inc\importers\batch-processing\helpers\class-wp-background-process-astra.php(41): Elementor\TemplateLibrary\Astra_Sites_Batch_Processing_Elementor->import()
#3 C:\xampp\htdocs\wordwoocom\wp-content\plugins\woocommerce\includes\libraries\wp-background-process.php(301): WP_Background_Process_Astra->task(Object(Elementor\TemplateLibrary\Astra_Sites_Batch_Processing_Elementor))
#4 C:\xampp\htdocs\wordwoocom\wp-content\plugins\woocommerce\includes\libraries\wp-background-process.php(447): WP_Background_Process->handle()
#5 C:\xampp\htdocs\wordwoocom\wp-includes\class-wp-hook.php(307): WP_Background_Process->handle_cron_healthcheck()
#6 C:\xampp\htdocs\wordwoocom\wp-includes\class-wp-hook.php(331): WP_Hook->apply_filters('', Array)
#7 C:\xampp\htdocs\wordwoocom\wp-includes\plugin.php(524): WP_Hook->do_action(Array)
#8 C:\xampp\htdocs\wordwoocom\wp-cron.php(138): do_action_ref_array('wp_image_proces...', Array)
#9 {main}
  thrown in C:\xampp\htdocs\wordwoocom\wp-content\plugins\elementor\core\base\document.php on line 878

2022-05-28T05:58:50+00:00 CRITICAL Uncaught Exception: Invalid data: {"data":["Array","Array"],"element":"Array"} in C:\xampp\htdocs\wordwoocom\wp-content\plugins\elementor\core\base\document.php:878
Stack trace:
#0 C:\xampp\htdocs\wordwoocom\wp-content\plugins\astra-sites\inc\importers\batch-processing\class-astra-sites-batch-processing-elementor.php(122): Elementor\Core\Base\Document->get_elements_raw_data(Array, true)
#1 C:\xampp\htdocs\wordwoocom\wp-content\plugins\astra-sites\inc\importers\batch-processing\class-astra-sites-batch-processing-elementor.php(66): Elementor\TemplateLibrary\Astra_Sites_Batch_Processing_Elementor->import_single_post(18)
#2 C:\xampp\htdocs\wordwoocom\wp-content\plugins\astra-sites\inc\importers\batch-processing\helpers\class-wp-background-process-astra.php(41): Elementor\TemplateLibrary\Astra_Sites_Batch_Processing_Elementor->import()
#3 C:\xampp\htdocs\wordwoocom\wp-content\plugins\woocommerce\includes\libraries\wp-background-process.php(301): WP_Background_Process_Astra->task(Object(Elementor\TemplateLibrary\Astra_Sites_Batch_Processing_Elementor))
#4 C:\xampp\htdocs\wordwoocom\wp-content\plugins\woocommerce\includes\libraries\wp-background-process.php(447): WP_Background_Process->handle()
#5 C:\xampp\htdocs\wordwoocom\wp-includes\class-wp-hook.php(307): WP_Background_Process->handle_cron_healthcheck()
#6 C:\xampp\htdocs\wordwoocom\wp-includes\class-wp-hook.php(331): WP_Hook->apply_filters('', Array)
#7 C:\xampp\htdocs\wordwoocom\wp-includes\plugin.php(524): WP_Hook->do_action(Array)
#8 C:\xampp\htdocs\wordwoocom\wp-cron.php(138): do_action_ref_array('wp_image_proces...', Array)
#9 {main}
  thrown in C:\xampp\htdocs\wordwoocom\wp-content\plugins\elementor\core\base\document.php on line 878

2022-05-28T06:16:28+00:00 CRITICAL Uncaught Exception: Invalid data: {"data":["Array","Array"],"element":"Array"} in C:\xampp\htdocs\wordwoocom\wp-content\plugins\elementor\core\base\document.php:878
Stack trace:
#0 C:\xampp\htdocs\wordwoocom\wp-content\plugins\astra-sites\inc\importers\batch-processing\class-astra-sites-batch-processing-elementor.php(122): Elementor\Core\Base\Document->get_elements_raw_data(Array, true)
#1 C:\xampp\htdocs\wordwoocom\wp-content\plugins\astra-sites\inc\importers\batch-processing\class-astra-sites-batch-processing-elementor.php(66): Elementor\TemplateLibrary\Astra_Sites_Batch_Processing_Elementor->import_single_post(18)
#2 C:\xampp\htdocs\wordwoocom\wp-content\plugins\astra-sites\inc\importers\batch-processing\helpers\class-wp-background-process-astra.php(41): Elementor\TemplateLibrary\Astra_Sites_Batch_Processing_Elementor->import()
#3 C:\xampp\htdocs\wordwoocom\wp-content\plugins\woocommerce\includes\libraries\wp-background-process.php(301): WP_Background_Process_Astra->task(Object(Elementor\TemplateLibrary\Astra_Sites_Batch_Processing_Elementor))
#4 C:\xampp\htdocs\wordwoocom\wp-content\plugins\woocommerce\includes\libraries\wp-background-process.php(447): WP_Background_Process->handle()
#5 C:\xampp\htdocs\wordwoocom\wp-includes\class-wp-hook.php(307): WP_Background_Process->handle_cron_healthcheck()
#6 C:\xampp\htdocs\wordwoocom\wp-includes\class-wp-hook.php(331): WP_Hook->apply_filters('', Array)
#7 C:\xampp\htdocs\wordwoocom\wp-includes\plugin.php(524): WP_Hook->do_action(Array)
#8 C:\xampp\htdocs\wordwoocom\wp-cron.php(138): do_action_ref_array('wp_image_proces...', Array)
#9 {main}
  thrown in C:\xampp\htdocs\wordwoocom\wp-content\plugins\elementor\core\base\document.php on line 878

2022-05-28T07:03:00+00:00 CRITICAL Uncaught Exception: Invalid data: {"data":["Array","Array"],"element":"Array"} in C:\xampp\htdocs\wordwoocom\wp-content\plugins\elementor\core\base\document.php:878
Stack trace:
#0 C:\xampp\htdocs\wordwoocom\wp-content\plugins\astra-sites\inc\importers\batch-processing\class-astra-sites-batch-processing-elementor.php(122): Elementor\Core\Base\Document->get_elements_raw_data(Array, true)
#1 C:\xampp\htdocs\wordwoocom\wp-content\plugins\astra-sites\inc\importers\batch-processing\class-astra-sites-batch-processing-elementor.php(66): Elementor\TemplateLibrary\Astra_Sites_Batch_Processing_Elementor->import_single_post(18)
#2 C:\xampp\htdocs\wordwoocom\wp-content\plugins\astra-sites\inc\importers\batch-processing\helpers\class-wp-background-process-astra.php(41): Elementor\TemplateLibrary\Astra_Sites_Batch_Processing_Elementor->import()
#3 C:\xampp\htdocs\wordwoocom\wp-content\plugins\woocommerce\includes\libraries\wp-background-process.php(301): WP_Background_Process_Astra->task(Object(Elementor\TemplateLibrary\Astra_Sites_Batch_Processing_Elementor))
#4 C:\xampp\htdocs\wordwoocom\wp-content\plugins\woocommerce\includes\libraries\wp-background-process.php(447): WP_Background_Process->handle()
#5 C:\xampp\htdocs\wordwoocom\wp-includes\class-wp-hook.php(307): WP_Background_Process->handle_cron_healthcheck()
#6 C:\xampp\htdocs\wordwoocom\wp-includes\class-wp-hook.php(331): WP_Hook->apply_filters('', Array)
#7 C:\xampp\htdocs\wordwoocom\wp-includes\plugin.php(524): WP_Hook->do_action(Array)
#8 C:\xampp\htdocs\wordwoocom\wp-cron.php(138): do_action_ref_array('wp_image_proces...', Array)
#9 {main}
  thrown in C:\xampp\htdocs\wordwoocom\wp-content\plugins\elementor\core\base\document.php on line 878

2022-05-28T07:06:40+00:00 CRITICAL Uncaught Exception: Invalid data: {"data":["Array","Array"],"element":"Array"} in C:\xampp\htdocs\wordwoocom\wp-content\plugins\elementor\core\base\document.php:878
Stack trace:
#0 C:\xampp\htdocs\wordwoocom\wp-content\plugins\astra-sites\inc\importers\batch-processing\class-astra-sites-batch-processing-elementor.php(122): Elementor\Core\Base\Document->get_elements_raw_data(Array, true)
#1 C:\xampp\htdocs\wordwoocom\wp-content\plugins\astra-sites\inc\importers\batch-processing\class-astra-sites-batch-processing-elementor.php(66): Elementor\TemplateLibrary\Astra_Sites_Batch_Processing_Elementor->import_single_post(18)
#2 C:\xampp\htdocs\wordwoocom\wp-content\plugins\astra-sites\inc\importers\batch-processing\helpers\class-wp-background-process-astra.php(41): Elementor\TemplateLibrary\Astra_Sites_Batch_Processing_Elementor->import()
#3 C:\xampp\htdocs\wordwoocom\wp-content\plugins\woocommerce\includes\libraries\wp-background-process.php(301): WP_Background_Process_Astra->task(Object(Elementor\TemplateLibrary\Astra_Sites_Batch_Processing_Elementor))
#4 C:\xampp\htdocs\wordwoocom\wp-content\plugins\woocommerce\includes\libraries\wp-background-process.php(447): WP_Background_Process->handle()
#5 C:\xampp\htdocs\wordwoocom\wp-includes\class-wp-hook.php(307): WP_Background_Process->handle_cron_healthcheck()
#6 C:\xampp\htdocs\wordwoocom\wp-includes\class-wp-hook.php(331): WP_Hook->apply_filters('', Array)
#7 C:\xampp\htdocs\wordwoocom\wp-includes\plugin.php(524): WP_Hook->do_action(Array)
#8 C:\xampp\htdocs\wordwoocom\wp-cron.php(138): do_action_ref_array('wp_image_proces...', Array)
#9 {main}
  thrown in C:\xampp\htdocs\wordwoocom\wp-content\plugins\elementor\core\base\document.php on line 878

2022-05-28T07:11:26+00:00 CRITICAL Uncaught Exception: Invalid data: {"data":["Array","Array"],"element":"Array"} in C:\xampp\htdocs\wordwoocom\wp-content\plugins\elementor\core\base\document.php:878
Stack trace:
#0 C:\xampp\htdocs\wordwoocom\wp-content\plugins\astra-sites\inc\importers\batch-processing\class-astra-sites-batch-processing-elementor.php(122): Elementor\Core\Base\Document->get_elements_raw_data(Array, true)
#1 C:\xampp\htdocs\wordwoocom\wp-content\plugins\astra-sites\inc\importers\batch-processing\class-astra-sites-batch-processing-elementor.php(66): Elementor\TemplateLibrary\Astra_Sites_Batch_Processing_Elementor->import_single_post(18)
#2 C:\xampp\htdocs\wordwoocom\wp-content\plugins\astra-sites\inc\importers\batch-processing\helpers\class-wp-background-process-astra.php(41): Elementor\TemplateLibrary\Astra_Sites_Batch_Processing_Elementor->import()
#3 C:\xampp\htdocs\wordwoocom\wp-content\plugins\woocommerce\includes\libraries\wp-background-process.php(301): WP_Background_Process_Astra->task(Object(Elementor\TemplateLibrary\Astra_Sites_Batch_Processing_Elementor))
#4 C:\xampp\htdocs\wordwoocom\wp-content\plugins\woocommerce\includes\libraries\wp-background-process.php(447): WP_Background_Process->handle()
#5 C:\xampp\htdocs\wordwoocom\wp-includes\class-wp-hook.php(307): WP_Background_Process->handle_cron_healthcheck()
#6 C:\xampp\htdocs\wordwoocom\wp-includes\class-wp-hook.php(331): WP_Hook->apply_filters('', Array)
#7 C:\xampp\htdocs\wordwoocom\wp-includes\plugin.php(524): WP_Hook->do_action(Array)
#8 C:\xampp\htdocs\wordwoocom\wp-cron.php(138): do_action_ref_array('wp_image_proces...', Array)
#9 {main}
  thrown in C:\xampp\htdocs\wordwoocom\wp-content\plugins\elementor\core\base\document.php on line 878

